-------------------------------------------------------------------------------
Test set: br.com.restassuredapitesting.runners.AllTests
-------------------------------------------------------------------------------
Tests run: 22, Failures: 4, Errors: 0, Skipped: 0, Time elapsed: 65.072 s <<< FAILURE! - in br.com.restassuredapitesting.runners.AllTests
validateBookingFilterByCheckIn(br.com.restassuredapitesting.tests.booking.tests.GetBookingTest)  Time elapsed: 3.135 s  <<< FAILURE!
java.lang.AssertionError: 
1 expectation failed.
Response body doesn't match expectation.
Expected: a string containing "890"
  Actual: [{"bookingid":643},{"bookingid":722},{"bookingid":853},{"bookingid":719},{"bookingid":629},{"bookingid":569},{"bookingid":798},{"bookingid":664},{"bookingid":790},{"bookingid":585},{"bookingid":686},{"bookingid":196},{"bookingid":757},{"bookingid":741},{"bookingid":840},{"bookingid":661},{"bookingid":796},{"bookingid":855},{"bookingid":633},{"bookingid":141},{"bookingid":816},{"bookingid":636},{"bookingid":547},{"bookingid":925},{"bookingid":770},{"bookingid":668},{"bookingid":564},{"bookingid":624},{"bookingid":739},{"bookingid":641},{"bookingid":230},{"bookingid":142},{"bookingid":839},{"bookingid":845},{"bookingid":229},{"bookingid":414},{"bookingid":398},{"bookingid":429},{"bookingid":399},{"bookingid":720},{"bookingid":847},{"bookingid":750},{"bookingid":409},{"bookingid":667},{"bookingid":423},{"bookingid":381},{"bookingid":756},{"bookingid":395},{"bookingid":761},{"bookingid":644},{"bookingid":818},{"bookingid":789},{"bookingid":837},{"bookingid":873},{"bookingid":640},{"bookingid":418},{"bookingid":856},{"bookingid":424},{"bookingid":682},{"bookingid":877},{"bookingid":561},{"bookingid":545},{"bookingid":936},{"bookingid":610},{"bookingid":684},{"bookingid":587},{"bookingid":593},{"bookingid":228},{"bookingid":526},{"bookingid":656},{"bookingid":721},{"bookingid":431},{"bookingid":858},{"bookingid":557},{"bookingid":575},{"bookingid":666},{"bookingid":795},{"bookingid":852},{"bookingid":808},{"bookingid":528},{"bookingid":334},{"bookingid":353},{"bookingid":765},{"bookingid":357},{"bookingid":886},{"bookingid":417},{"bookingid":767},{"bookingid":934},{"bookingid":527},{"bookingid":866},{"bookingid":836},{"bookingid":923},{"bookingid":940},{"bookingid":859},{"bookingid":615},{"bookingid":752},{"bookingid":939},{"bookingid":637},{"bookingid":937},{"bookingid":609},{"bookingid":7},{"bookingid":665},{"bookingid":227},{"bookingid":391},{"bookingid":556},{"bookingid":591},{"bookingid":675},{"bookingid":647},{"bookingid":743},{"bookingid":863},{"bookingid":683},{"bookingid":848},{"bookingid":252},{"bookingid":755},{"bookingid":653},{"bookingid":862},{"bookingid":635},{"bookingid":814},{"bookingid":844},{"bookingid":400},{"bookingid":935},{"bookingid":375},{"bookingid":600},{"bookingid":803},{"bookingid":589},{"bookingid":412},{"bookingid":406},{"bookingid":824},{"bookingid":694},{"bookingid":827},{"bookingid":626},{"bookingid":565},{"bookingid":554},{"bookingid":602},{"bookingid":568},{"bookingid":912},{"bookingid":674},{"bookingid":740},{"bookingid":763},{"bookingid":766},{"bookingid":734},{"bookingid":374},{"bookingid":732},{"bookingid":224},{"bookingid":639},{"bookingid":396},{"bookingid":723},{"bookingid":872},{"bookingid":571},{"bookingid":825},{"bookingid":427},{"bookingid":850},{"bookingid":404},{"bookingid":625},{"bookingid":214},{"bookingid":938},{"bookingid":421},{"bookingid":841},{"bookingid":854},{"bookingid":857},{"bookingid":648},{"bookingid":627},{"bookingid":754},{"bookingid":870},{"bookingid":541},{"bookingid":606},{"bookingid":745},{"bookingid":672},{"bookingid":401},{"bookingid":390},{"bookingid":657},{"bookingid":830},{"bookingid":596},{"bookingid":831},{"bookingid":931},{"bookingid":726},{"bookingid":377},{"bookingid":360},{"bookingid":777},{"bookingid":651},{"bookingid":354},{"bookingid":826},{"bookingid":829},{"bookingid":553},{"bookingid":373},{"bookingid":769},{"bookingid":751},{"bookingid":772},{"bookingid":804},{"bookingid":416},{"bookingid":654},{"bookingid":403},{"bookingid":727},{"bookingid":577},{"bookingid":225},{"bookingid":815},{"bookingid":394},{"bookingid":846},{"bookingid":677},{"bookingid":942},{"bookingid":388},{"bookingid":932},{"bookingid":350},{"bookingid":566},{"bookingid":405},{"bookingid":678},{"bookingid":393},{"bookingid":716},{"bookingid":927},{"bookingid":924},{"bookingid":771},{"bookingid":746},{"bookingid":680},{"bookingid":810},{"bookingid":51},{"bookingid":791},{"bookingid":676},{"bookingid":926},{"bookingid":800},{"bookingid":191},{"bookingid":760},{"bookingid":582},{"bookingid":599},{"bookingid":634},{"bookingid":764},{"bookingid":762},{"bookingid":529},{"bookingid":616},{"bookingid":655},{"bookingid":738},{"bookingid":559},{"bookingid":5},{"bookingid":614},{"bookingid":821},{"bookingid":607},{"bookingid":570},{"bookingid":860},{"bookingid":805},{"bookingid":652},{"bookingid":642},{"bookingid":658},{"bookingid":386},{"bookingid":759},{"bookingid":864},{"bookingid":660},{"bookingid":578},{"bookingid":574},{"bookingid":758},{"bookingid":874},{"bookingid":809},{"bookingid":807},{"bookingid":685},{"bookingid":792},{"bookingid":389},{"bookingid":384},{"bookingid":539},{"bookingid":581},{"bookingid":833},{"bookingid":817},{"bookingid":659},{"bookingid":671},{"bookingid":773},{"bookingid":725},{"bookingid":411},{"bookingid":670},{"bookingid":601},{"bookingid":733},{"bookingid":422},{"bookingid":943},{"bookingid":735},{"bookingid":793},{"bookingid":663},{"bookingid":729},{"bookingid":603},{"bookingid":426},{"bookingid":631},{"bookingid":392},{"bookingid":415},{"bookingid":420},{"bookingid":742},{"bookingid":608},{"bookingid":551},{"bookingid":724},{"bookingid":397},{"bookingid":645},{"bookingid":562},{"bookingid":226},{"bookingid":628},{"bookingid":921},{"bookingid":579},{"bookingid":573},{"bookingid":928},{"bookingid":387},{"bookingid":868},{"bookingid":558},{"bookingid":835},{"bookingid":597},{"bookingid":768},{"bookingid":842},{"bookingid":944},{"bookingid":728},{"bookingid":849},{"bookingid":632},{"bookingid":749},{"bookingid":806},{"bookingid":851},{"bookingid":736},{"bookingid":775},{"bookingid":638},{"bookingid":646},{"bookingid":540},{"bookingid":605},{"bookingid":376},{"bookingid":843},{"bookingid":425},{"bookingid":543},{"bookingid":572},{"bookingid":823},{"bookingid":419},{"bookingid":662},{"bookingid":613},{"bookingid":410},{"bookingid":813},{"bookingid":753},{"bookingid":231},{"bookingid":408},{"bookingid":797},{"bookingid":428},{"bookingid":811},{"bookingid":402},{"bookingid":832},{"bookingid":407},{"bookingid":941},{"bookingid":576},{"bookingid":649},{"bookingid":933},{"bookingid":218},{"bookingid":820},{"bookingid":679},{"bookingid":865},{"bookingid":747},{"bookingid":595},{"bookingid":372},{"bookingid":413},{"bookingid":922},{"bookingid":828},{"bookingid":794},{"bookingid":598},{"bookingid":549},{"bookingid":604}]

	at br.com.restassuredapitesting.tests.booking.tests.GetBookingTest.validateBookingFilterByCheckIn(GetBookingTest.java:98)

validateBookingFilterByDoubleCheckOut(br.com.restassuredapitesting.tests.booking.tests.GetBookingTest)  Time elapsed: 3.482 s  <<< FAILURE!
java.lang.AssertionError: 
1 expectation failed.
Expected status code <200> but was <500>.

	at br.com.restassuredapitesting.tests.booking.tests.GetBookingTest.validateBookingFilterByDoubleCheckOut(GetBookingTest.java:123)

validateServerErrorOnBadBookingFilter(br.com.restassuredapitesting.tests.booking.tests.GetBookingTest)  Time elapsed: 0.774 s  <<< FAILURE!
java.lang.AssertionError: 
1 expectation failed.
Expected status code <500> but was <200>.

	at br.com.restassuredapitesting.tests.booking.tests.GetBookingTest.validateServerErrorOnBadBookingFilter(GetBookingTest.java:149)

validateBookingFilter(br.com.restassuredapitesting.tests.booking.tests.GetBookingTest)  Time elapsed: 4.88 s  <<< FAILURE!
java.lang.AssertionError: 
1 expectation failed.
Response body doesn't match expectation.
Expected: a string containing "890"
  Actual: []

	at br.com.restassuredapitesting.tests.booking.tests.GetBookingTest.validateBookingFilter(GetBookingTest.java:139)

