<?xml version="1.0" encoding="UTF-8"?>
<testsuite xmlns:xsi="http://www.w3.org/2001/XMLSchema-instance" xsi:noNamespaceSchemaLocation="https://maven.apache.org/surefire/maven-surefire-plugin/xsd/surefire-test-report.xsd" name="br.com.restassuredapitesting.runners.AllTests" time="65.072" tests="22" errors="0" skipped="0" failures="4">
  <properties>
[...]
</properties>
  <testcase name="validateBookingFilterByFirstName" classname="br.com.restassuredapitesting.tests.booking.tests.GetBookingTest" time="8.606"/>
  <testcase name="validateBookingFilterByCheckIn" classname="br.com.restassuredapitesting.tests.booking.tests.GetBookingTest" time="3.135">
    <failure message="1 expectation failed.&#10;Response body doesn&apos;t match expectation.&#10;Expected: a string containing &quot;890&quot;&#10;  Actual: [{&quot;bookingid&quot;:643},{&quot;bookingid&quot;:722},{&quot;bookingid&quot;:853},{&quot;bookingid&quot;:719},{&quot;bookingid&quot;:629},{&quot;bookingid&quot;:569},{&quot;bookingid&quot;:798},{&quot;bookingid&quot;:664},{&quot;bookingid&quot;:790},{&quot;bookingid&quot;:585},{&quot;bookingid&quot;:686},{&quot;bookingid&quot;:196},{&quot;bookingid&quot;:757},{&quot;bookingid&quot;:741},{&quot;bookingid&quot;:840},{&quot;bookingid&quot;:661},{&quot;bookingid&quot;:796},{&quot;bookingid&quot;:855},{&quot;bookingid&quot;:633},{&quot;bookingid&quot;:141},{&quot;bookingid&quot;:816},{&quot;bookingid&quot;:636},{&quot;bookingid&quot;:547},{&quot;bookingid&quot;:925},{&quot;bookingid&quot;:770},{&quot;bookingid&quot;:668},{&quot;bookingid&quot;:564},{&quot;bookingid&quot;:624},{&quot;bookingid&quot;:739},{&quot;bookingid&quot;:641},{&quot;bookingid&quot;:230},{&quot;bookingid&quot;:142},{&quot;bookingid&quot;:839},{&quot;bookingid&quot;:845},{&quot;bookingid&quot;:229},{&quot;bookingid&quot;:414},{&quot;bookingid&quot;:398},{&quot;bookingid&quot;:429},{&quot;bookingid&quot;:399},{&quot;bookingid&quot;:720},{&quot;bookingid&quot;:847},{&quot;bookingid&quot;:750},{&quot;bookingid&quot;:409},{&quot;bookingid&quot;:667},{&quot;bookingid&quot;:423},{&quot;bookingid&quot;:381},{&quot;bookingid&quot;:756},{&quot;bookingid&quot;:395},{&quot;bookingid&quot;:761},{&quot;bookingid&quot;:644},{&quot;bookingid&quot;:818},{&quot;bookingid&quot;:789},{&quot;bookingid&quot;:837},{&quot;bookingid&quot;:873},{&quot;bookingid&quot;:640},{&quot;bookingid&quot;:418},{&quot;bookingid&quot;:856},{&quot;bookingid&quot;:424},{&quot;bookingid&quot;:682},{&quot;bookingid&quot;:877},{&quot;bookingid&quot;:561},{&quot;bookingid&quot;:545},{&quot;bookingid&quot;:936},{&quot;bookingid&quot;:610},{&quot;bookingid&quot;:684},{&quot;bookingid&quot;:587},{&quot;bookingid&quot;:593},{&quot;bookingid&quot;:228},{&quot;bookingid&quot;:526},{&quot;bookingid&quot;:656},{&quot;bookingid&quot;:721},{&quot;bookingid&quot;:431},{&quot;bookingid&quot;:858},{&quot;bookingid&quot;:557},{&quot;bookingid&quot;:575},{&quot;bookingid&quot;:666},{&quot;bookingid&quot;:795},{&quot;bookingid&quot;:852},{&quot;bookingid&quot;:808},{&quot;bookingid&quot;:528},{&quot;bookingid&quot;:334},{&quot;bookingid&quot;:353},{&quot;bookingid&quot;:765},{&quot;bookingid&quot;:357},{&quot;bookingid&quot;:886},{&quot;bookingid&quot;:417},{&quot;bookingid&quot;:767},{&quot;bookingid&quot;:934},{&quot;bookingid&quot;:527},{&quot;bookingid&quot;:866},{&quot;bookingid&quot;:836},{&quot;bookingid&quot;:923},{&quot;bookingid&quot;:940},{&quot;bookingid&quot;:859},{&quot;bookingid&quot;:615},{&quot;bookingid&quot;:752},{&quot;bookingid&quot;:939},{&quot;bookingid&quot;:637},{&quot;bookingid&quot;:937},{&quot;bookingid&quot;:609},{&quot;bookingid&quot;:7},{&quot;bookingid&quot;:665},{&quot;bookingid&quot;:227},{&quot;bookingid&quot;:391},{&quot;bookingid&quot;:556},{&quot;bookingid&quot;:591},{&quot;bookingid&quot;:675},{&quot;bookingid&quot;:647},{&quot;bookingid&quot;:743},{&quot;bookingid&quot;:863},{&quot;bookingid&quot;:683},{&quot;bookingid&quot;:848},{&quot;bookingid&quot;:252},{&quot;bookingid&quot;:755},{&quot;bookingid&quot;:653},{&quot;bookingid&quot;:862},{&quot;bookingid&quot;:635},{&quot;bookingid&quot;:814},{&quot;bookingid&quot;:844},{&quot;bookingid&quot;:400},{&quot;bookingid&quot;:935},{&quot;bookingid&quot;:375},{&quot;bookingid&quot;:600},{&quot;bookingid&quot;:803},{&quot;bookingid&quot;:589},{&quot;bookingid&quot;:412},{&quot;bookingid&quot;:406},{&quot;bookingid&quot;:824},{&quot;bookingid&quot;:694},{&quot;bookingid&quot;:827},{&quot;bookingid&quot;:626},{&quot;bookingid&quot;:565},{&quot;bookingid&quot;:554},{&quot;bookingid&quot;:602},{&quot;bookingid&quot;:568},{&quot;bookingid&quot;:912},{&quot;bookingid&quot;:674},{&quot;bookingid&quot;:740},{&quot;bookingid&quot;:763},{&quot;bookingid&quot;:766},{&quot;bookingid&quot;:734},{&quot;bookingid&quot;:374},{&quot;bookingid&quot;:732},{&quot;bookingid&quot;:224},{&quot;bookingid&quot;:639},{&quot;bookingid&quot;:396},{&quot;bookingid&quot;:723},{&quot;bookingid&quot;:872},{&quot;bookingid&quot;:571},{&quot;bookingid&quot;:825},{&quot;bookingid&quot;:427},{&quot;bookingid&quot;:850},{&quot;bookingid&quot;:404},{&quot;bookingid&quot;:625},{&quot;bookingid&quot;:214},{&quot;bookingid&quot;:938},{&quot;bookingid&quot;:421},{&quot;bookingid&quot;:841},{&quot;bookingid&quot;:854},{&quot;bookingid&quot;:857},{&quot;bookingid&quot;:648},{&quot;bookingid&quot;:627},{&quot;bookingid&quot;:754},{&quot;bookingid&quot;:870},{&quot;bookingid&quot;:541},{&quot;bookingid&quot;:606},{&quot;bookingid&quot;:745},{&quot;bookingid&quot;:672},{&quot;bookingid&quot;:401},{&quot;bookingid&quot;:390},{&quot;bookingid&quot;:657},{&quot;bookingid&quot;:830},{&quot;bookingid&quot;:596},{&quot;bookingid&quot;:831},{&quot;bookingid&quot;:931},{&quot;bookingid&quot;:726},{&quot;bookingid&quot;:377},{&quot;bookingid&quot;:360},{&quot;bookingid&quot;:777},{&quot;bookingid&quot;:651},{&quot;bookingid&quot;:354},{&quot;bookingid&quot;:826},{&quot;bookingid&quot;:829},{&quot;bookingid&quot;:553},{&quot;bookingid&quot;:373},{&quot;bookingid&quot;:769},{&quot;bookingid&quot;:751},{&quot;bookingid&quot;:772},{&quot;bookingid&quot;:804},{&quot;bookingid&quot;:416},{&quot;bookingid&quot;:654},{&quot;bookingid&quot;:403},{&quot;bookingid&quot;:727},{&quot;bookingid&quot;:577},{&quot;bookingid&quot;:225},{&quot;bookingid&quot;:815},{&quot;bookingid&quot;:394},{&quot;bookingid&quot;:846},{&quot;bookingid&quot;:677},{&quot;bookingid&quot;:942},{&quot;bookingid&quot;:388},{&quot;bookingid&quot;:932},{&quot;bookingid&quot;:350},{&quot;bookingid&quot;:566},{&quot;bookingid&quot;:405},{&quot;bookingid&quot;:678},{&quot;bookingid&quot;:393},{&quot;bookingid&quot;:716},{&quot;bookingid&quot;:927},{&quot;bookingid&quot;:924},{&quot;bookingid&quot;:771},{&quot;bookingid&quot;:746},{&quot;bookingid&quot;:680},{&quot;bookingid&quot;:810},{&quot;bookingid&quot;:51},{&quot;bookingid&quot;:791},{&quot;bookingid&quot;:676},{&quot;bookingid&quot;:926},{&quot;bookingid&quot;:800},{&quot;bookingid&quot;:191},{&quot;bookingid&quot;:760},{&quot;bookingid&quot;:582},{&quot;bookingid&quot;:599},{&quot;bookingid&quot;:634},{&quot;bookingid&quot;:764},{&quot;bookingid&quot;:762},{&quot;bookingid&quot;:529},{&quot;bookingid&quot;:616},{&quot;bookingid&quot;:655},{&quot;bookingid&quot;:738},{&quot;bookingid&quot;:559},{&quot;bookingid&quot;:5},{&quot;bookingid&quot;:614},{&quot;bookingid&quot;:821},{&quot;bookingid&quot;:607},{&quot;bookingid&quot;:570},{&quot;bookingid&quot;:860},{&quot;bookingid&quot;:805},{&quot;bookingid&quot;:652},{&quot;bookingid&quot;:642},{&quot;bookingid&quot;:658},{&quot;bookingid&quot;:386},{&quot;bookingid&quot;:759},{&quot;bookingid&quot;:864},{&quot;bookingid&quot;:660},{&quot;bookingid&quot;:578},{&quot;bookingid&quot;:574},{&quot;bookingid&quot;:758},{&quot;bookingid&quot;:874},{&quot;bookingid&quot;:809},{&quot;bookingid&quot;:807},{&quot;bookingid&quot;:685},{&quot;bookingid&quot;:792},{&quot;bookingid&quot;:389},{&quot;bookingid&quot;:384},{&quot;bookingid&quot;:539},{&quot;bookingid&quot;:581},{&quot;bookingid&quot;:833},{&quot;bookingid&quot;:817},{&quot;bookingid&quot;:659},{&quot;bookingid&quot;:671},{&quot;bookingid&quot;:773},{&quot;bookingid&quot;:725},{&quot;bookingid&quot;:411},{&quot;bookingid&quot;:670},{&quot;bookingid&quot;:601},{&quot;bookingid&quot;:733},{&quot;bookingid&quot;:422},{&quot;bookingid&quot;:943},{&quot;bookingid&quot;:735},{&quot;bookingid&quot;:793},{&quot;bookingid&quot;:663},{&quot;bookingid&quot;:729},{&quot;bookingid&quot;:603},{&quot;bookingid&quot;:426},{&quot;bookingid&quot;:631},{&quot;bookingid&quot;:392},{&quot;bookingid&quot;:415},{&quot;bookingid&quot;:420},{&quot;bookingid&quot;:742},{&quot;bookingid&quot;:608},{&quot;bookingid&quot;:551},{&quot;bookingid&quot;:724},{&quot;bookingid&quot;:397},{&quot;bookingid&quot;:645},{&quot;bookingid&quot;:562},{&quot;bookingid&quot;:226},{&quot;bookingid&quot;:628},{&quot;bookingid&quot;:921},{&quot;bookingid&quot;:579},{&quot;bookingid&quot;:573},{&quot;bookingid&quot;:928},{&quot;bookingid&quot;:387},{&quot;bookingid&quot;:868},{&quot;bookingid&quot;:558},{&quot;bookingid&quot;:835},{&quot;bookingid&quot;:597},{&quot;bookingid&quot;:768},{&quot;bookingid&quot;:842},{&quot;bookingid&quot;:944},{&quot;bookingid&quot;:728},{&quot;bookingid&quot;:849},{&quot;bookingid&quot;:632},{&quot;bookingid&quot;:749},{&quot;bookingid&quot;:806},{&quot;bookingid&quot;:851},{&quot;bookingid&quot;:736},{&quot;bookingid&quot;:775},{&quot;bookingid&quot;:638},{&quot;bookingid&quot;:646},{&quot;bookingid&quot;:540},{&quot;bookingid&quot;:605},{&quot;bookingid&quot;:376},{&quot;bookingid&quot;:843},{&quot;bookingid&quot;:425},{&quot;bookingid&quot;:543},{&quot;bookingid&quot;:572},{&quot;bookingid&quot;:823},{&quot;bookingid&quot;:419},{&quot;bookingid&quot;:662},{&quot;bookingid&quot;:613},{&quot;bookingid&quot;:410},{&quot;bookingid&quot;:813},{&quot;bookingid&quot;:753},{&quot;bookingid&quot;:231},{&quot;bookingid&quot;:408},{&quot;bookingid&quot;:797},{&quot;bookingid&quot;:428},{&quot;bookingid&quot;:811},{&quot;bookingid&quot;:402},{&quot;bookingid&quot;:832},{&quot;bookingid&quot;:407},{&quot;bookingid&quot;:941},{&quot;bookingid&quot;:576},{&quot;bookingid&quot;:649},{&quot;bookingid&quot;:933},{&quot;bookingid&quot;:218},{&quot;bookingid&quot;:820},{&quot;bookingid&quot;:679},{&quot;bookingid&quot;:865},{&quot;bookingid&quot;:747},{&quot;bookingid&quot;:595},{&quot;bookingid&quot;:372},{&quot;bookingid&quot;:413},{&quot;bookingid&quot;:922},{&quot;bookingid&quot;:828},{&quot;bookingid&quot;:794},{&quot;bookingid&quot;:598},{&quot;bookingid&quot;:549},{&quot;bookingid&quot;:604}]&#10;" type="java.lang.AssertionError">java.lang.AssertionError: 
1 expectation failed.
Response body doesn't match expectation.
Expected: a string containing "890"
  Actual: [{"bookingid":643},{"bookingid":722},{"bookingid":853},{"bookingid":719},{"bookingid":629},{"bookingid":569},{"bookingid":798},{"bookingid":664},{"bookingid":790},{"bookingid":585},{"bookingid":686},{"bookingid":196},{"bookingid":757},{"bookingid":741},{"bookingid":840},{"bookingid":661},{"bookingid":796},{"bookingid":855},{"bookingid":633},{"bookingid":141},{"bookingid":816},{"bookingid":636},{"bookingid":547},{"bookingid":925},{"bookingid":770},{"bookingid":668},{"bookingid":564},{"bookingid":624},{"bookingid":739},{"bookingid":641},{"bookingid":230},{"bookingid":142},{"bookingid":839},{"bookingid":845},{"bookingid":229},{"bookingid":414},{"bookingid":398},{"bookingid":429},{"bookingid":399},{"bookingid":720},{"bookingid":847},{"bookingid":750},{"bookingid":409},{"bookingid":667},{"bookingid":423},{"bookingid":381},{"bookingid":756},{"bookingid":395},{"bookingid":761},{"bookingid":644},{"bookingid":818},{"bookingid":789},{"bookingid":837},{"bookingid":873},{"bookingid":640},{"bookingid":418},{"bookingid":856},{"bookingid":424},{"bookingid":682},{"bookingid":877},{"bookingid":561},{"bookingid":545},{"bookingid":936},{"bookingid":610},{"bookingid":684},{"bookingid":587},{"bookingid":593},{"bookingid":228},{"bookingid":526},{"bookingid":656},{"bookingid":721},{"bookingid":431},{"bookingid":858},{"bookingid":557},{"bookingid":575},{"bookingid":666},{"bookingid":795},{"bookingid":852},{"bookingid":808},{"bookingid":528},{"bookingid":334},{"bookingid":353},{"bookingid":765},{"bookingid":357},{"bookingid":886},{"bookingid":417},{"bookingid":767},{"bookingid":934},{"bookingid":527},{"bookingid":866},{"bookingid":836},{"bookingid":923},{"bookingid":940},{"bookingid":859},{"bookingid":615},{"bookingid":752},{"bookingid":939},{"bookingid":637},{"bookingid":937},{"bookingid":609},{"bookingid":7},{"bookingid":665},{"bookingid":227},{"bookingid":391},{"bookingid":556},{"bookingid":591},{"bookingid":675},{"bookingid":647},{"bookingid":743},{"bookingid":863},{"bookingid":683},{"bookingid":848},{"bookingid":252},{"bookingid":755},{"bookingid":653},{"bookingid":862},{"bookingid":635},{"bookingid":814},{"bookingid":844},{"bookingid":400},{"bookingid":935},{"bookingid":375},{"bookingid":600},{"bookingid":803},{"bookingid":589},{"bookingid":412},{"bookingid":406},{"bookingid":824},{"bookingid":694},{"bookingid":827},{"bookingid":626},{"bookingid":565},{"bookingid":554},{"bookingid":602},{"bookingid":568},{"bookingid":912},{"bookingid":674},{"bookingid":740},{"bookingid":763},{"bookingid":766},{"bookingid":734},{"bookingid":374},{"bookingid":732},{"bookingid":224},{"bookingid":639},{"bookingid":396},{"bookingid":723},{"bookingid":872},{"bookingid":571},{"bookingid":825},{"bookingid":427},{"bookingid":850},{"bookingid":404},{"bookingid":625},{"bookingid":214},{"bookingid":938},{"bookingid":421},{"bookingid":841},{"bookingid":854},{"bookingid":857},{"bookingid":648},{"bookingid":627},{"bookingid":754},{"bookingid":870},{"bookingid":541},{"bookingid":606},{"bookingid":745},{"bookingid":672},{"bookingid":401},{"bookingid":390},{"bookingid":657},{"bookingid":830},{"bookingid":596},{"bookingid":831},{"bookingid":931},{"bookingid":726},{"bookingid":377},{"bookingid":360},{"bookingid":777},{"bookingid":651},{"bookingid":354},{"bookingid":826},{"bookingid":829},{"bookingid":553},{"bookingid":373},{"bookingid":769},{"bookingid":751},{"bookingid":772},{"bookingid":804},{"bookingid":416},{"bookingid":654},{"bookingid":403},{"bookingid":727},{"bookingid":577},{"bookingid":225},{"bookingid":815},{"bookingid":394},{"bookingid":846},{"bookingid":677},{"bookingid":942},{"bookingid":388},{"bookingid":932},{"bookingid":350},{"bookingid":566},{"bookingid":405},{"bookingid":678},{"bookingid":393},{"bookingid":716},{"bookingid":927},{"bookingid":924},{"bookingid":771},{"bookingid":746},{"bookingid":680},{"bookingid":810},{"bookingid":51},{"bookingid":791},{"bookingid":676},{"bookingid":926},{"bookingid":800},{"bookingid":191},{"bookingid":760},{"bookingid":582},{"bookingid":599},{"bookingid":634},{"bookingid":764},{"bookingid":762},{"bookingid":529},{"bookingid":616},{"bookingid":655},{"bookingid":738},{"bookingid":559},{"bookingid":5},{"bookingid":614},{"bookingid":821},{"bookingid":607},{"bookingid":570},{"bookingid":860},{"bookingid":805},{"bookingid":652},{"bookingid":642},{"bookingid":658},{"bookingid":386},{"bookingid":759},{"bookingid":864},{"bookingid":660},{"bookingid":578},{"bookingid":574},{"bookingid":758},{"bookingid":874},{"bookingid":809},{"bookingid":807},{"bookingid":685},{"bookingid":792},{"bookingid":389},{"bookingid":384},{"bookingid":539},{"bookingid":581},{"bookingid":833},{"bookingid":817},{"bookingid":659},{"bookingid":671},{"bookingid":773},{"bookingid":725},{"bookingid":411},{"bookingid":670},{"bookingid":601},{"bookingid":733},{"bookingid":422},{"bookingid":943},{"bookingid":735},{"bookingid":793},{"bookingid":663},{"bookingid":729},{"bookingid":603},{"bookingid":426},{"bookingid":631},{"bookingid":392},{"bookingid":415},{"bookingid":420},{"bookingid":742},{"bookingid":608},{"bookingid":551},{"bookingid":724},{"bookingid":397},{"bookingid":645},{"bookingid":562},{"bookingid":226},{"bookingid":628},{"bookingid":921},{"bookingid":579},{"bookingid":573},{"bookingid":928},{"bookingid":387},{"bookingid":868},{"bookingid":558},{"bookingid":835},{"bookingid":597},{"bookingid":768},{"bookingid":842},{"bookingid":944},{"bookingid":728},{"bookingid":849},{"bookingid":632},{"bookingid":749},{"bookingid":806},{"bookingid":851},{"bookingid":736},{"bookingid":775},{"bookingid":638},{"bookingid":646},{"bookingid":540},{"bookingid":605},{"bookingid":376},{"bookingid":843},{"bookingid":425},{"bookingid":543},{"bookingid":572},{"bookingid":823},{"bookingid":419},{"bookingid":662},{"bookingid":613},{"bookingid":410},{"bookingid":813},{"bookingid":753},{"bookingid":231},{"bookingid":408},{"bookingid":797},{"bookingid":428},{"bookingid":811},{"bookingid":402},{"bookingid":832},{"bookingid":407},{"bookingid":941},{"bookingid":576},{"bookingid":649},{"bookingid":933},{"bookingid":218},{"bookingid":820},{"bookingid":679},{"bookingid":865},{"bookingid":747},{"bookingid":595},{"bookingid":372},{"bookingid":413},{"bookingid":922},{"bookingid":828},{"bookingid":794},{"bookingid":598},{"bookingid":549},{"bookingid":604}]

	at br.com.restassuredapitesting.tests.booking.tests.GetBookingTest.validateBookingFilterByCheckIn(GetBookingTest.java:98)
</failure>
  </testcase>
  <testcase name="validateSchemaFromBookingReturnIds" classname="br.com.restassuredapitesting.tests.booking.tests.GetBookingTest" time="1.382"/>
  <testcase name="validateBookingReturnIds" classname="br.com.restassuredapitesting.tests.booking.tests.GetBookingTest" time="1.649"/>
  <testcase name="validateBookingFilterByDoubleCheckOut" classname="br.com.restassuredapitesting.tests.booking.tests.GetBookingTest" time="3.482">
    <failure message="1 expectation failed.&#10;Expected status code &lt;200&gt; but was &lt;500&gt;.&#10;" type="java.lang.AssertionError"><![CDATA[java.lang.AssertionError: 
1 expectation failed.
Expected status code <200> but was <500>.

	at br.com.restassuredapitesting.tests.booking.tests.GetBookingTest.validateBookingFilterByDoubleCheckOut(GetBookingTest.java:123)
]]></failure>
  </testcase>
  <testcase name="validateBookingFilterByCheckOut" classname="br.com.restassuredapitesting.tests.booking.tests.GetBookingTest" time="3.665"/>
  <testcase name="validateServerErrorOnBadBookingFilter" classname="br.com.restassuredapitesting.tests.booking.tests.GetBookingTest" time="0.774">
    <failure message="1 expectation failed.&#10;Expected status code &lt;500&gt; but was &lt;200&gt;.&#10;" type="java.lang.AssertionError"><![CDATA[java.lang.AssertionError: 
1 expectation failed.
Expected status code <500> but was <200>.

	at br.com.restassuredapitesting.tests.booking.tests.GetBookingTest.validateServerErrorOnBadBookingFilter(GetBookingTest.java:149)
]]></failure>
  </testcase>
  <testcase name="validateSchemaFromSingleBooking" classname="br.com.restassuredapitesting.tests.booking.tests.GetBookingTest" time="2.563"/>
  <testcase name="validateBookingFilter" classname="br.com.restassuredapitesting.tests.booking.tests.GetBookingTest" time="4.88">
    <failure message="1 expectation failed.&#10;Response body doesn&apos;t match expectation.&#10;Expected: a string containing &quot;890&quot;&#10;  Actual: []&#10;" type="java.lang.AssertionError">java.lang.AssertionError: 
1 expectation failed.
Response body doesn't match expectation.
Expected: a string containing "890"
  Actual: []

	at br.com.restassuredapitesting.tests.booking.tests.GetBookingTest.validateBookingFilter(GetBookingTest.java:139)
</failure>
  </testcase>
  <testcase name="validateBookingFilterByLastName" classname="br.com.restassuredapitesting.tests.booking.tests.GetBookingTest" time="3.657"/>
  <testcase name="healthCheck" classname="br.com.restassuredapitesting.tests.ping.tests.GetPingTest" time="1.086"/>
  <testcase name="validateCreateAuthToken" classname="br.com.restassuredapitesting.tests.auth.tests.PostAuthTest" time="1.105"/>
  <testcase name="validatePostNewBookingWrongHeader" classname="br.com.restassuredapitesting.tests.booking.tests.PostBookingTest" time="1.147"/>
  <testcase name="validatePostNewBookingExtraData" classname="br.com.restassuredapitesting.tests.booking.tests.PostBookingTest" time="0.94"/>
  <testcase name="validatePostTwoNewBookingSequentially" classname="br.com.restassuredapitesting.tests.booking.tests.PostBookingTest" time="2.667"/>
  <testcase name="validateServerErrorOnBadPostNewBooking" classname="br.com.restassuredapitesting.tests.booking.tests.PostBookingTest" time="1.241"/>
  <testcase name="validatePostNewBooking" classname="br.com.restassuredapitesting.tests.booking.tests.PostBookingTest" time="2.289"/>
  <testcase name="validateBookingModificationUsingBasicAuth" classname="br.com.restassuredapitesting.tests.booking.tests.PutBookingTest" time="4.309"/>
  <testcase name="validateBookingModificationUsingAuthToken" classname="br.com.restassuredapitesting.tests.booking.tests.PutBookingTest" time="3.075"/>
  <testcase name="validateClientErrorAndNoWriteOnDeleteExistingBookingWithoutAuthToken" classname="br.com.restassuredapitesting.tests.booking.tests.DeleteBookingTest" time="5.74"/>
  <testcase name="validateDeletingOneBookingUsingAuthToken" classname="br.com.restassuredapitesting.tests.booking.tests.DeleteBookingTest" time="6.908"/>
  <testcase name="validateClientErrorOnDeleteNonExistentBookingWithAuthToken" classname="br.com.restassuredapitesting.tests.booking.tests.DeleteBookingTest" time="0.001"/>
</testsuite>