<?xml version="1.0" encoding="UTF-8"?>
<testsuite xmlns:xsi="http://www.w3.org/2001/XMLSchema-instance" xsi:noNamespaceSchemaLocation="https://maven.apache.org/surefire/maven-surefire-plugin/xsd/surefire-test-report.xsd" name="br.com.restassuredapitesting.runners.AllTests" time="36.441" tests="17" errors="0" skipped="0" failures="4">
  <properties>
[...]
</properties>
  <testcase name="validateBookingFilterByFirstName" classname="br.com.restassuredapitesting.tests.booking.tests.GetBookingTest" time="5.685"/>
  <testcase name="validateBookingFilterByCheckIn" classname="br.com.restassuredapitesting.tests.booking.tests.GetBookingTest" time="2.435">
    <failure message="1 expectation failed.&#10;Response body doesn&apos;t match expectation.&#10;Expected: a string containing &quot;819&quot;&#10;  Actual: [{&quot;bookingid&quot;:820},{&quot;bookingid&quot;:817},{&quot;bookingid&quot;:624},{&quot;bookingid&quot;:638},{&quot;bookingid&quot;:704},{&quot;bookingid&quot;:595},{&quot;bookingid&quot;:307},{&quot;bookingid&quot;:409},{&quot;bookingid&quot;:388},{&quot;bookingid&quot;:577},{&quot;bookingid&quot;:582},{&quot;bookingid&quot;:594},{&quot;bookingid&quot;:644},{&quot;bookingid&quot;:581},{&quot;bookingid&quot;:681},{&quot;bookingid&quot;:821},{&quot;bookingid&quot;:306},{&quot;bookingid&quot;:217},{&quot;bookingid&quot;:579},{&quot;bookingid&quot;:591},{&quot;bookingid&quot;:593},{&quot;bookingid&quot;:178},{&quot;bookingid&quot;:118},{&quot;bookingid&quot;:592},{&quot;bookingid&quot;:604},{&quot;bookingid&quot;:576},{&quot;bookingid&quot;:567},{&quot;bookingid&quot;:357},{&quot;bookingid&quot;:221},{&quot;bookingid&quot;:218},{&quot;bookingid&quot;:285},{&quot;bookingid&quot;:138},{&quot;bookingid&quot;:384},{&quot;bookingid&quot;:449},{&quot;bookingid&quot;:605},{&quot;bookingid&quot;:18},{&quot;bookingid&quot;:613},{&quot;bookingid&quot;:359},{&quot;bookingid&quot;:617},{&quot;bookingid&quot;:609},{&quot;bookingid&quot;:58},{&quot;bookingid&quot;:369},{&quot;bookingid&quot;:125},{&quot;bookingid&quot;:441},{&quot;bookingid&quot;:590},{&quot;bookingid&quot;:616},{&quot;bookingid&quot;:349},{&quot;bookingid&quot;:215},{&quot;bookingid&quot;:123},{&quot;bookingid&quot;:75},{&quot;bookingid&quot;:540},{&quot;bookingid&quot;:26},{&quot;bookingid&quot;:31},{&quot;bookingid&quot;:614},{&quot;bookingid&quot;:825},{&quot;bookingid&quot;:56},{&quot;bookingid&quot;:737},{&quot;bookingid&quot;:390},{&quot;bookingid&quot;:216},{&quot;bookingid&quot;:417},{&quot;bookingid&quot;:135},{&quot;bookingid&quot;:424},{&quot;bookingid&quot;:598},{&quot;bookingid&quot;:74},{&quot;bookingid&quot;:304},{&quot;bookingid&quot;:627},{&quot;bookingid&quot;:17},{&quot;bookingid&quot;:8},{&quot;bookingid&quot;:574},{&quot;bookingid&quot;:826},{&quot;bookingid&quot;:134},{&quot;bookingid&quot;:303},{&quot;bookingid&quot;:393},{&quot;bookingid&quot;:649},{&quot;bookingid&quot;:575},{&quot;bookingid&quot;:701},{&quot;bookingid&quot;:129},{&quot;bookingid&quot;:620},{&quot;bookingid&quot;:601},{&quot;bookingid&quot;:533},{&quot;bookingid&quot;:301},{&quot;bookingid&quot;:365},{&quot;bookingid&quot;:170},{&quot;bookingid&quot;:383},{&quot;bookingid&quot;:682},{&quot;bookingid&quot;:416},{&quot;bookingid&quot;:43},{&quot;bookingid&quot;:155},{&quot;bookingid&quot;:448},{&quot;bookingid&quot;:49},{&quot;bookingid&quot;:6},{&quot;bookingid&quot;:126},{&quot;bookingid&quot;:32},{&quot;bookingid&quot;:402},{&quot;bookingid&quot;:658},{&quot;bookingid&quot;:823},{&quot;bookingid&quot;:35},{&quot;bookingid&quot;:45},{&quot;bookingid&quot;:318},{&quot;bookingid&quot;:308},{&quot;bookingid&quot;:546},{&quot;bookingid&quot;:120},{&quot;bookingid&quot;:367},{&quot;bookingid&quot;:321},{&quot;bookingid&quot;:59},{&quot;bookingid&quot;:151},{&quot;bookingid&quot;:223},{&quot;bookingid&quot;:600},{&quot;bookingid&quot;:621},{&quot;bookingid&quot;:214},{&quot;bookingid&quot;:34},{&quot;bookingid&quot;:450},{&quot;bookingid&quot;:410},{&quot;bookingid&quot;:55},{&quot;bookingid&quot;:44},{&quot;bookingid&quot;:78},{&quot;bookingid&quot;:659},{&quot;bookingid&quot;:147},{&quot;bookingid&quot;:146},{&quot;bookingid&quot;:446},{&quot;bookingid&quot;:41},{&quot;bookingid&quot;:815},{&quot;bookingid&quot;:392},{&quot;bookingid&quot;:165},{&quot;bookingid&quot;:171},{&quot;bookingid&quot;:635},{&quot;bookingid&quot;:822},{&quot;bookingid&quot;:618},{&quot;bookingid&quot;:738},{&quot;bookingid&quot;:10},{&quot;bookingid&quot;:447},{&quot;bookingid&quot;:607},{&quot;bookingid&quot;:578},{&quot;bookingid&quot;:88},{&quot;bookingid&quot;:419},{&quot;bookingid&quot;:685},{&quot;bookingid&quot;:641},{&quot;bookingid&quot;:143},{&quot;bookingid&quot;:132},{&quot;bookingid&quot;:127},{&quot;bookingid&quot;:154},{&quot;bookingid&quot;:824},{&quot;bookingid&quot;:550},{&quot;bookingid&quot;:549},{&quot;bookingid&quot;:623},{&quot;bookingid&quot;:647},{&quot;bookingid&quot;:420},{&quot;bookingid&quot;:152},{&quot;bookingid&quot;:316},{&quot;bookingid&quot;:30},{&quot;bookingid&quot;:499},{&quot;bookingid&quot;:315},{&quot;bookingid&quot;:385},{&quot;bookingid&quot;:53},{&quot;bookingid&quot;:57},{&quot;bookingid&quot;:25},{&quot;bookingid&quot;:368},{&quot;bookingid&quot;:121},{&quot;bookingid&quot;:634},{&quot;bookingid&quot;:222},{&quot;bookingid&quot;:403},{&quot;bookingid&quot;:119},{&quot;bookingid&quot;:153},{&quot;bookingid&quot;:423},{&quot;bookingid&quot;:637},{&quot;bookingid&quot;:596},{&quot;bookingid&quot;:327},{&quot;bookingid&quot;:626},{&quot;bookingid&quot;:89},{&quot;bookingid&quot;:606},{&quot;bookingid&quot;:295},{&quot;bookingid&quot;:386},{&quot;bookingid&quot;:534},{&quot;bookingid&quot;:425},{&quot;bookingid&quot;:164},{&quot;bookingid&quot;:622},{&quot;bookingid&quot;:608},{&quot;bookingid&quot;:33},{&quot;bookingid&quot;:619},{&quot;bookingid&quot;:639},{&quot;bookingid&quot;:305},{&quot;bookingid&quot;:130},{&quot;bookingid&quot;:422},{&quot;bookingid&quot;:15},{&quot;bookingid&quot;:320},{&quot;bookingid&quot;:122},{&quot;bookingid&quot;:169},{&quot;bookingid&quot;:537},{&quot;bookingid&quot;:389},{&quot;bookingid&quot;:133},{&quot;bookingid&quot;:39},{&quot;bookingid&quot;:610},{&quot;bookingid&quot;:611},{&quot;bookingid&quot;:317},{&quot;bookingid&quot;:816},{&quot;bookingid&quot;:573},{&quot;bookingid&quot;:720},{&quot;bookingid&quot;:394},{&quot;bookingid&quot;:136},{&quot;bookingid&quot;:572},{&quot;bookingid&quot;:27}]&#10;" type="java.lang.AssertionError">java.lang.AssertionError: 
1 expectation failed.
Response body doesn't match expectation.
Expected: a string containing "819"
  Actual: [{"bookingid":820},{"bookingid":817},{"bookingid":624},{"bookingid":638},{"bookingid":704},{"bookingid":595},{"bookingid":307},{"bookingid":409},{"bookingid":388},{"bookingid":577},{"bookingid":582},{"bookingid":594},{"bookingid":644},{"bookingid":581},{"bookingid":681},{"bookingid":821},{"bookingid":306},{"bookingid":217},{"bookingid":579},{"bookingid":591},{"bookingid":593},{"bookingid":178},{"bookingid":118},{"bookingid":592},{"bookingid":604},{"bookingid":576},{"bookingid":567},{"bookingid":357},{"bookingid":221},{"bookingid":218},{"bookingid":285},{"bookingid":138},{"bookingid":384},{"bookingid":449},{"bookingid":605},{"bookingid":18},{"bookingid":613},{"bookingid":359},{"bookingid":617},{"bookingid":609},{"bookingid":58},{"bookingid":369},{"bookingid":125},{"bookingid":441},{"bookingid":590},{"bookingid":616},{"bookingid":349},{"bookingid":215},{"bookingid":123},{"bookingid":75},{"bookingid":540},{"bookingid":26},{"bookingid":31},{"bookingid":614},{"bookingid":825},{"bookingid":56},{"bookingid":737},{"bookingid":390},{"bookingid":216},{"bookingid":417},{"bookingid":135},{"bookingid":424},{"bookingid":598},{"bookingid":74},{"bookingid":304},{"bookingid":627},{"bookingid":17},{"bookingid":8},{"bookingid":574},{"bookingid":826},{"bookingid":134},{"bookingid":303},{"bookingid":393},{"bookingid":649},{"bookingid":575},{"bookingid":701},{"bookingid":129},{"bookingid":620},{"bookingid":601},{"bookingid":533},{"bookingid":301},{"bookingid":365},{"bookingid":170},{"bookingid":383},{"bookingid":682},{"bookingid":416},{"bookingid":43},{"bookingid":155},{"bookingid":448},{"bookingid":49},{"bookingid":6},{"bookingid":126},{"bookingid":32},{"bookingid":402},{"bookingid":658},{"bookingid":823},{"bookingid":35},{"bookingid":45},{"bookingid":318},{"bookingid":308},{"bookingid":546},{"bookingid":120},{"bookingid":367},{"bookingid":321},{"bookingid":59},{"bookingid":151},{"bookingid":223},{"bookingid":600},{"bookingid":621},{"bookingid":214},{"bookingid":34},{"bookingid":450},{"bookingid":410},{"bookingid":55},{"bookingid":44},{"bookingid":78},{"bookingid":659},{"bookingid":147},{"bookingid":146},{"bookingid":446},{"bookingid":41},{"bookingid":815},{"bookingid":392},{"bookingid":165},{"bookingid":171},{"bookingid":635},{"bookingid":822},{"bookingid":618},{"bookingid":738},{"bookingid":10},{"bookingid":447},{"bookingid":607},{"bookingid":578},{"bookingid":88},{"bookingid":419},{"bookingid":685},{"bookingid":641},{"bookingid":143},{"bookingid":132},{"bookingid":127},{"bookingid":154},{"bookingid":824},{"bookingid":550},{"bookingid":549},{"bookingid":623},{"bookingid":647},{"bookingid":420},{"bookingid":152},{"bookingid":316},{"bookingid":30},{"bookingid":499},{"bookingid":315},{"bookingid":385},{"bookingid":53},{"bookingid":57},{"bookingid":25},{"bookingid":368},{"bookingid":121},{"bookingid":634},{"bookingid":222},{"bookingid":403},{"bookingid":119},{"bookingid":153},{"bookingid":423},{"bookingid":637},{"bookingid":596},{"bookingid":327},{"bookingid":626},{"bookingid":89},{"bookingid":606},{"bookingid":295},{"bookingid":386},{"bookingid":534},{"bookingid":425},{"bookingid":164},{"bookingid":622},{"bookingid":608},{"bookingid":33},{"bookingid":619},{"bookingid":639},{"bookingid":305},{"bookingid":130},{"bookingid":422},{"bookingid":15},{"bookingid":320},{"bookingid":122},{"bookingid":169},{"bookingid":537},{"bookingid":389},{"bookingid":133},{"bookingid":39},{"bookingid":610},{"bookingid":611},{"bookingid":317},{"bookingid":816},{"bookingid":573},{"bookingid":720},{"bookingid":394},{"bookingid":136},{"bookingid":572},{"bookingid":27}]

	at br.com.restassuredapitesting.tests.booking.tests.GetBookingTest.validateBookingFilterByCheckIn(GetBookingTest.java:98)
</failure>
  </testcase>
  <testcase name="validateSchemaFromBookingReturnIds" classname="br.com.restassuredapitesting.tests.booking.tests.GetBookingTest" time="1.53"/>
  <testcase name="validateBookingReturnIds" classname="br.com.restassuredapitesting.tests.booking.tests.GetBookingTest" time="0.892"/>
  <testcase name="validateBookingFilterByDoubleCheckOut" classname="br.com.restassuredapitesting.tests.booking.tests.GetBookingTest" time="2.486">
    <failure message="1 expectation failed.&#10;Expected status code &lt;200&gt; but was &lt;500&gt;.&#10;" type="java.lang.AssertionError"><![CDATA[java.lang.AssertionError: 
1 expectation failed.
Expected status code <200> but was <500>.

	at br.com.restassuredapitesting.tests.booking.tests.GetBookingTest.validateBookingFilterByDoubleCheckOut(GetBookingTest.java:123)
]]></failure>
    <system-out><![CDATA[Request method:	GET
Request URI:	https://treinamento-api.herokuapp.com/booking?checkout=2019-01-01&checkout=2019-01-01
Proxy:			<none>
Request params:	<none>
Query params:	checkout=[2019-01-01, 2019-01-01]
Form params:	<none>
Path params:	<none>
Headers:		Accept=*/*
Cookies:		<none>
Multiparts:		<none>
Body:			<none>
]]></system-out>
  </testcase>
  <testcase name="validateBookingFilterByCheckOut" classname="br.com.restassuredapitesting.tests.booking.tests.GetBookingTest" time="2.413"/>
  <testcase name="validateServerErrorOnBadBookingFilter" classname="br.com.restassuredapitesting.tests.booking.tests.GetBookingTest" time="0.802">
    <failure message="1 expectation failed.&#10;Expected status code &lt;500&gt; but was &lt;200&gt;.&#10;" type="java.lang.AssertionError"><![CDATA[java.lang.AssertionError: 
1 expectation failed.
Expected status code <500> but was <200>.

	at br.com.restassuredapitesting.tests.booking.tests.GetBookingTest.validateServerErrorOnBadBookingFilter(GetBookingTest.java:149)
]]></failure>
    <system-out><![CDATA[Request method:	GET
Request URI:	https://treinamento-api.herokuapp.com/booking?firstname=true&someGarbage=UnsLixosQueChegaramAqui
Proxy:			<none>
Request params:	<none>
Query params:	firstname=true
				someGarbage=UnsLixosQueChegaramAqui
Form params:	<none>
Path params:	<none>
Headers:		Accept=*/*
Cookies:		<none>
Multiparts:		<none>
Body:			<none>
]]></system-out>
  </testcase>
  <testcase name="validateSchemaFromSingleBooking" classname="br.com.restassuredapitesting.tests.booking.tests.GetBookingTest" time="1.614"/>
  <testcase name="validateBookingFilter" classname="br.com.restassuredapitesting.tests.booking.tests.GetBookingTest" time="4.009">
    <failure message="1 expectation failed.&#10;Response body doesn&apos;t match expectation.&#10;Expected: a string containing &quot;819&quot;&#10;  Actual: []&#10;" type="java.lang.AssertionError">java.lang.AssertionError: 
1 expectation failed.
Response body doesn't match expectation.
Expected: a string containing "819"
  Actual: []

	at br.com.restassuredapitesting.tests.booking.tests.GetBookingTest.validateBookingFilter(GetBookingTest.java:139)
</failure>
  </testcase>
  <testcase name="validateBookingFilterByLastName" classname="br.com.restassuredapitesting.tests.booking.tests.GetBookingTest" time="2.367"/>
  <testcase name="healthCheck" classname="br.com.restassuredapitesting.tests.ping.tests.GetPingTest" time="0.817"/>
  <testcase name="validateCreateAuthToken" classname="br.com.restassuredapitesting.tests.auth.tests.PostAuthTest" time="0.809"/>
  <testcase name="validateBookingModificationUsingBasicAuth" classname="br.com.restassuredapitesting.tests.booking.tests.PutBookingTest" time="1.829"/>
  <testcase name="validateClientErrorBookingModificationWithIncorrectAuthToken" classname="br.com.restassuredapitesting.tests.booking.tests.PutBookingTest" time="1.669"/>
  <testcase name="validateBookingModificationUsingAuthToken" classname="br.com.restassuredapitesting.tests.booking.tests.PutBookingTest" time="2.474"/>
  <testcase name="validateClientErrorBookingModificationNonExistentBookingWithAuthToken" classname="br.com.restassuredapitesting.tests.booking.tests.PutBookingTest" time="1.761"/>
  <testcase name="validateClientErrorBookingModificationWithoutAnyAuth" classname="br.com.restassuredapitesting.tests.booking.tests.PutBookingTest" time="1.635"/>
</testsuite>